Base path: /Applications/Unity/Unity.app/Contents
Cmd: initializeCompiler
Cmd: translateComputeKernel
  api=14 insize=4909 outsize=7125 ok=1
Cmd: compileComputeKernel
  api=15 insize=67 outsize=13321 ok=1
Cmd: compileComputeKernel
  api=14 insize=178 outsize=12677 ok=1
Cmd: translateComputeKernel
  api=14 insize=12805 outsize=25797 ok=1
Cmd: compileComputeKernel
  api=15 insize=144 outsize=10909 ok=1
Cmd: compileComputeKernel
  api=15 insize=144 outsize=16129 ok=1
Cmd: compileComputeKernel
  api=14 insize=617 outsize=3669 ok=1
Cmd: compileComputeKernel
  api=14 insize=617 outsize=5769 ok=1
Cmd: compileComputeKernel
  api=14 insize=617 outsize=4653 ok=1
Cmd: compileComputeKernel
  api=15 insize=617 outsize=10125 ok=1
Cmd: translateComputeKernel
  api=14 insize=6129 outsize=11397 ok=1
Cmd: translateComputeKernel
  api=14 insize=4973 outsize=7961 ok=1
Cmd: compileComputeKernel
  api=15 insize=617 outsize=8197 ok=1
Cmd: compileComputeKernel
  api=15 insize=617 outsize=7981 ok=1
Cmd: compileComputeKernel
  api=15 insize=237 outsize=4701 ok=1
Cmd: compileComputeKernel
  api=15 insize=237 outsize=7045 ok=1
Cmd: compileComputeKernel
  api=14 insize=178 outsize=11989 ok=1
Cmd: compileComputeKernel
  api=14 insize=178 outsize=12677 ok=1
Cmd: translateComputeKernel
  api=14 insize=12677 outsize=25645 ok=1
Cmd: compileComputeKernel
  api=15 insize=144 outsize=16129 ok=1
Cmd: compileComputeKernel
  api=14 insize=617 outsize=749 ok=1
Cmd: compileComputeKernel
  api=14 insize=617 outsize=5861 ok=1
Cmd: compileComputeKernel
  api=14 insize=617 outsize=4653 ok=1
Cmd: compileComputeKernel
  api=15 insize=617 outsize=10125 ok=1
Cmd: translateComputeKernel
  api=14 insize=5889 outsize=10401 ok=1
Cmd: translateComputeKernel
  api=14 insize=5897 outsize=8973 ok=1
Cmd: translateComputeKernel
  api=14 insize=5093 outsize=7909 ok=1
Cmd: translateComputeKernel
  api=14 insize=4969 outsize=7329 ok=1
Cmd: translateComputeKernel
  api=14 insize=5181 outsize=8421 ok=1
Cmd: translateComputeKernel
  api=14 insize=4417 outsize=5869 ok=1
Cmd: compileComputeKernel
  api=15 insize=617 outsize=7145 ok=1
Cmd: compileComputeKernel
  api=15 insize=617 outsize=7981 ok=1
Cmd: compileComputeKernel
  api=15 insize=237 outsize=4701 ok=1
Cmd: compileComputeKernel
  api=15 insize=237 outsize=7045 ok=1
Cmd: compileComputeKernel
  api=14 insize=178 outsize=11989 ok=1
Cmd: compileComputeKernel
  api=15 insize=178 outsize=25493 ok=1
Cmd: compileComputeKernel
  api=15 insize=144 outsize=10909 ok=1
Cmd: compileComputeKernel
  api=15 insize=144 outsize=16129 ok=1
Cmd: translateComputeKernel
  api=14 insize=6373 outsize=10273 ok=1
Cmd: compileComputeKernel
  api=14 insize=617 outsize=749 ok=1
Cmd: compileComputeKernel
  api=14 insize=617 outsize=5861 ok=1
Cmd: compileComputeKernel
  api=14 insize=617 outsize=4777 ok=1
Cmd: compileComputeKernel
  api=14 insize=617 outsize=4657 ok=1
Cmd: compileComputeKernel
  api=15 insize=617 outsize=4497 ok=1
Cmd: compileComputeKernel
  api=15 insize=617 outsize=10125 ok=1
Cmd: translateComputeKernel
  api=14 insize=6221 outsize=11329 ok=1
Cmd: translateComputeKernel
  api=14 insize=6129 outsize=11397 ok=1
Cmd: translateComputeKernel
  api=14 insize=5157 outsize=7813 ok=1
Cmd: translateComputeKernel
  api=14 insize=4973 outsize=7961 ok=1
Cmd: compileComputeKernel
  api=15 insize=617 outsize=7145 ok=1
Cmd: compileComputeKernel
  api=15 insize=617 outsize=7981 ok=1
Cmd: compileComputeKernel
  api=14 insize=237 outsize=4733 ok=1
Cmd: translateComputeKernel
  api=14 insize=3809 outsize=4681 ok=1
Cmd: translateComputeKernel
  api=14 insize=4869 outsize=6917 ok=1
Cmd: compileComputeKernel
  api=15 insize=67 outsize=13321 ok=1
Cmd: compileComputeKernel
  api=15 insize=178 outsize=23309 ok=1
Cmd: compileComputeKernel
  api=15 insize=178 outsize=25653 ok=1
Cmd: compileComputeKernel
  api=15 insize=67 outsize=10157 ok=1
Cmd: compileComputeKernel
  api=14 insize=617 outsize=3757 ok=1
Cmd: compileComputeKernel
  api=14 insize=617 outsize=5769 ok=1
Cmd: compileComputeKernel
  api=14 insize=617 outsize=4841 ok=1
Cmd: compileComputeKernel
  api=14 insize=617 outsize=4093 ok=1
Cmd: compileComputeKernel
  api=15 insize=617 outsize=4153 ok=1
Cmd: compileComputeKernel
  api=15 insize=617 outsize=9245 ok=1
Cmd: translateComputeKernel
  api=14 insize=6221 outsize=11329 ok=1
Cmd: translateComputeKernel
  api=14 insize=6129 outsize=11397 ok=1
Cmd: compileComputeKernel
  api=15 insize=617 outsize=6773 ok=1
Cmd: compileComputeKernel
  api=14 insize=237 outsize=4733 ok=1
Cmd: compileComputeKernel
  api=15 insize=237 outsize=7045 ok=1
Unhandled exception: Protocol error - failed to read correct magic number

Quitting shader compiler process
