Base path: /Applications/Unity/Unity.app/Contents
Cmd: initializeCompiler
Cmd: compileComputeKernel
  api=15 insize=144 outsize=7169 ok=1
Cmd: compileComputeKernel
  api=15 insize=178 outsize=23309 ok=1
Cmd: compileComputeKernel
  api=15 insize=178 outsize=25653 ok=1
Cmd: compileComputeKernel
  api=15 insize=67 outsize=10157 ok=1
Cmd: compileComputeKernel
  api=14 insize=617 outsize=3757 ok=1
Cmd: compileComputeKernel
  api=14 insize=617 outsize=5529 ok=1
Cmd: compileComputeKernel
  api=14 insize=617 outsize=4777 ok=1
Cmd: compileComputeKernel
  api=14 insize=617 outsize=4657 ok=1
Cmd: compileComputeKernel
  api=15 insize=617 outsize=4497 ok=1
Cmd: compileComputeKernel
  api=15 insize=617 outsize=9141 ok=1
Cmd: compileComputeKernel
  api=15 insize=617 outsize=10233 ok=1
Cmd: compileComputeKernel
  api=15 insize=617 outsize=7577 ok=1
Cmd: compileComputeKernel
  api=14 insize=237 outsize=5433 ok=1
Cmd: translateComputeKernel
  api=14 insize=3809 outsize=4681 ok=1
Cmd: compileComputeKernel
  api=15 insize=144 outsize=7169 ok=1
Cmd: translateComputeKernel
  api=14 insize=7889 outsize=13409 ok=1
Cmd: compileComputeKernel
  api=15 insize=178 outsize=23309 ok=1
Cmd: compileComputeKernel
  api=14 insize=178 outsize=12805 ok=1
Cmd: translateComputeKernel
  api=14 insize=11989 outsize=23425 ok=1
Cmd: compileComputeKernel
  api=15 insize=144 outsize=10909 ok=1
Cmd: compileComputeKernel
  api=14 insize=617 outsize=3757 ok=1
Cmd: compileComputeKernel
  api=14 insize=617 outsize=5529 ok=1
Cmd: compileComputeKernel
  api=14 insize=617 outsize=4777 ok=1
Cmd: compileComputeKernel
  api=14 insize=617 outsize=4657 ok=1
Cmd: compileComputeKernel
  api=15 insize=617 outsize=4497 ok=1
Cmd: compileComputeKernel
  api=15 insize=617 outsize=9141 ok=1
Cmd: compileComputeKernel
  api=15 insize=617 outsize=10233 ok=1
Cmd: compileComputeKernel
  api=15 insize=617 outsize=7577 ok=1
Cmd: compileComputeKernel
  api=14 insize=237 outsize=4733 ok=1
Cmd: translateComputeKernel
  api=14 insize=5501 outsize=8601 ok=1
Cmd: translateComputeKernel
  api=14 insize=7889 outsize=13409 ok=1
Cmd: compileComputeKernel
  api=14 insize=178 outsize=12805 ok=1
Cmd: compileComputeKernel
  api=15 insize=178 outsize=25653 ok=1
Cmd: compileComputeKernel
  api=14 insize=617 outsize=3757 ok=1
Cmd: compileComputeKernel
  api=14 insize=617 outsize=5529 ok=1
Cmd: compileComputeKernel
  api=14 insize=617 outsize=5581 ok=1
Cmd: compileComputeKernel
  api=14 insize=617 outsize=4841 ok=1
Cmd: compileComputeKernel
  api=14 insize=617 outsize=4093 ok=1
Cmd: compileComputeKernel
  api=15 insize=617 outsize=9141 ok=1
Cmd: compileComputeKernel
  api=15 insize=617 outsize=10233 ok=1
Cmd: compileComputeKernel
  api=15 insize=617 outsize=7577 ok=1
Cmd: compileComputeKernel
  api=15 insize=237 outsize=4701 ok=1
Cmd: compileComputeKernel
  api=15 insize=237 outsize=7045 ok=1
Cmd: compileComputeKernel
  api=14 insize=178 outsize=12677 ok=1
Cmd: translateComputeKernel
  api=14 insize=12805 outsize=25797 ok=1
Cmd: translateComputeKernel
  api=14 insize=12677 outsize=25645 ok=1
Cmd: compileComputeKernel
  api=15 insize=144 outsize=16129 ok=1
Cmd: compileComputeKernel
  api=14 insize=617 outsize=749 ok=1
Cmd: compileComputeKernel
  api=14 insize=617 outsize=5861 ok=1
Cmd: compileComputeKernel
  api=14 insize=617 outsize=4653 ok=1
Cmd: compileComputeKernel
  api=15 insize=617 outsize=677 ok=1
Cmd: compileComputeKernel
  api=15 insize=617 outsize=9141 ok=1
Cmd: compileComputeKernel
  api=15 insize=617 outsize=10233 ok=1
Cmd: compileComputeKernel
  api=15 insize=617 outsize=7577 ok=1
Cmd: compileComputeKernel
  api=14 insize=237 outsize=5433 ok=1
Cmd: translateComputeKernel
  api=14 insize=3809 outsize=4681 ok=1
Cmd: translateComputeKernel
  api=14 insize=4869 outsize=6917 ok=1
Unhandled exception: Protocol error - failed to read correct magic number

Quitting shader compiler process
